<?xml version="1.0" encoding="UTF-8"?>
<!-- Generated by org.testng.reporters.JUnitReportReporter -->
<testsuite skipped="0" hostname="Jolomis-MacBook-Pro.local" name="com.crm.qa.testcases.HomePageTest" tests="3" failures="0" timestamp="15 May 2019 13:07:12 GMT" time="32.187" errors="0">
  <testcase name="verifyHomePageTitle" time="11.041" classname="com.crm.qa.testcases.HomePageTest"/>
  <testcase name="verifyCorrectUsername" time="10.358" classname="com.crm.qa.testcases.HomePageTest"/>
  <testcase name="verifyContactLinkTest" time="10.788" classname="com.crm.qa.testcases.HomePageTest"/>
</testsuite> <!-- com.crm.qa.testcases.HomePageTest -->
