<?xml version="1.0" encoding="UTF-8"?>
<!-- Generated by org.testng.reporters.JUnitReportReporter -->
<testsuite skipped="0" hostname="Jolomis-MacBook-Pro.local" name="com.crm.qa.testcases.LandingPageTest" tests="3" failures="0" timestamp="15 May 2019 13:07:12 GMT" time="19.311" errors="0">
  <testcase name="landingPageTitleTest" time="4.192" classname="com.crm.qa.testcases.LandingPageTest"/>
  <testcase name="crmLogoTest" time="5.245" classname="com.crm.qa.testcases.LandingPageTest"/>
  <testcase name="loginTest" time="9.874" classname="com.crm.qa.testcases.LandingPageTest"/>
</testsuite> <!-- com.crm.qa.testcases.LandingPageTest -->
