<?xml version="1.0" encoding="UTF-8"?>
<!-- Generated by org.testng.reporters.JUnitReportReporter -->
<testsuite skipped="0" hostname="Jolomis-MacBook-Pro.local" name="com.crm.qa.testcases.HomePageTest" tests="1" failures="0" timestamp="15 May 2019 12:45:07 GMT" time="13.281" errors="0">
  <testcase name="verifyHomePageTitle" time="13.281" classname="com.crm.qa.testcases.HomePageTest"/>
</testsuite> <!-- com.crm.qa.testcases.HomePageTest -->
