<?xml version="1.0" encoding="UTF-8"?>
<!-- Generated by org.testng.reporters.JUnitReportReporter -->
<testsuite skipped="0" hostname="Jolomis-MacBook-Pro.local" name="com.crm.qa.testcases.LandingPageTest" tests="3" failures="0" timestamp="10 May 2019 12:32:02 GMT" time="22.905" errors="0">
  <testcase name="landingPageTitleTest" time="4.456" classname="com.crm.qa.testcases.LandingPageTest"/>
  <testcase name="crmLogoTest" time="4.493" classname="com.crm.qa.testcases.LandingPageTest"/>
  <testcase name="loginTest" time="13.956" classname="com.crm.qa.testcases.LandingPageTest"/>
</testsuite> <!-- com.crm.qa.testcases.LandingPageTest -->
