<?xml version="1.0" encoding="UTF-8"?>
<!-- Generated by org.testng.reporters.JUnitReportReporter -->
<testsuite skipped="0" hostname="Jolomis-MacBook-Pro.local" name="com.crm.qa.testcases.LandingPageTest" tests="3" failures="0" timestamp="13 May 2019 12:11:28 GMT" time="22.497" errors="0">
  <testcase name="landingPageTitleTest" time="5.514" classname="com.crm.qa.testcases.LandingPageTest"/>
  <testcase name="crmLogoTest" time="4.473" classname="com.crm.qa.testcases.LandingPageTest"/>
  <testcase name="loginTest" time="12.510" classname="com.crm.qa.testcases.LandingPageTest"/>
</testsuite> <!-- com.crm.qa.testcases.LandingPageTest -->
