<?xml version="1.0" encoding="UTF-8"?>
<!-- Generated by org.testng.reporters.JUnitReportReporter -->
<testsuite skipped="0" hostname="Jolomis-MacBook-Pro.local" name="com.crm.qa.testcases.LandingPageTest" tests="3" failures="0" timestamp="09 May 2019 15:27:57 GMT" time="30.208" errors="0">
  <testcase name="landingPageTitleTest" time="5.669" classname="com.crm.qa.testcases.LandingPageTest"/>
  <testcase name="crmLogoTest" time="6.950" classname="com.crm.qa.testcases.LandingPageTest"/>
  <testcase name="loginTest" time="17.589" classname="com.crm.qa.testcases.LandingPageTest"/>
</testsuite> <!-- com.crm.qa.testcases.LandingPageTest -->
