<?xml version="1.0" encoding="UTF-8"?>
<!-- Generated by org.testng.reporters.JUnitReportReporter -->
<testsuite skipped="0" hostname="Jolomis-MacBook-Pro.local" name="com.crm.qa.testcases.HomePageTest" tests="3" failures="0" timestamp="10 May 2019 12:32:02 GMT" time="40.608" errors="0">
  <testcase name="verifyHomePageTitle" time="12.669" classname="com.crm.qa.testcases.HomePageTest"/>
  <testcase name="verifyCorrectUsername" time="13.749" classname="com.crm.qa.testcases.HomePageTest"/>
  <testcase name="verifyContactLinkTest" time="14.190" classname="com.crm.qa.testcases.HomePageTest"/>
</testsuite> <!-- com.crm.qa.testcases.HomePageTest -->
