<?xml version="1.0" encoding="UTF-8"?>
<!-- Generated by org.testng.reporters.JUnitReportReporter -->
<testsuite skipped="0" hostname="Jolomis-MacBook-Pro.local" name="com.crm.qa.testcases.HomePageTest" tests="3" failures="0" timestamp="09 May 2019 15:27:57 GMT" time="48.323" errors="0">
  <testcase name="verifyHomePageTitle" time="15.251" classname="com.crm.qa.testcases.HomePageTest"/>
  <testcase name="verifyCorrectUsername" time="16.502" classname="com.crm.qa.testcases.HomePageTest"/>
  <testcase name="verifyContactLinkTest" time="16.570" classname="com.crm.qa.testcases.HomePageTest"/>
</testsuite> <!-- com.crm.qa.testcases.HomePageTest -->
