<?xml version="1.0" encoding="UTF-8"?>
<!-- Generated by org.testng.reporters.JUnitReportReporter -->
<testsuite skipped="0" hostname="Jolomis-MacBook-Pro.local" name="com.crm.qa.testcases.HomePageTest" tests="3" failures="0" timestamp="13 May 2019 12:11:28 GMT" time="39.613" errors="0">
  <testcase name="verifyHomePageTitle" time="12.587" classname="com.crm.qa.testcases.HomePageTest"/>
  <testcase name="verifyCorrectUsername" time="13.227" classname="com.crm.qa.testcases.HomePageTest"/>
  <testcase name="verifyContactLinkTest" time="13.799" classname="com.crm.qa.testcases.HomePageTest"/>
</testsuite> <!-- com.crm.qa.testcases.HomePageTest -->
