<?xml version="1.0" encoding="UTF-8"?>
<!-- Generated by org.testng.reporters.JUnitReportReporter -->
<testsuite skipped="0" hostname="Jolomis-MacBook-Pro.local" name="com.crm.qa.testcases.LandingPageTest" tests="2" failures="0" timestamp="09 May 2019 16:23:56 GMT" time="13.126" errors="0">
  <testcase name="landingPageTitleTest" time="7.142" classname="com.crm.qa.testcases.LandingPageTest"/>
  <testcase name="crmLogoTest" time="5.984" classname="com.crm.qa.testcases.LandingPageTest"/>
</testsuite> <!-- com.crm.qa.testcases.LandingPageTest -->
